{"__type":"$$EventMessageAudit","id":"d6e5bcc3-92c4-49b8-9210-bc1e29185fa4","ts":"2026-07-10T21:21:29.273-04:00","eventName":"n8n.audit.workflow.activated","message":"n8n.audit.workflow.activated","payload":{"workflowId":"7f04fae49c194126","workflowName":"[BAB] Appointment Booking","activeVersionId":"8a0ea4d6-b739-4ee2-9f43-60f982995e0f","activationMode":"init"}}
{"__type":"$$EventMessageConfirm","confirm":"d6e5bcc3-92c4-49b8-9210-bc1e29185fa4","ts":"2026-07-10T21:21:29.274-04:00","source":{"id":"0","name":"eventBus"}}
{"__type":"$$EventMessageAudit","id":"4e4123f7-1367-4480-bad0-5506cacb097d","ts":"2026-07-10T21:21:29.314-04:00","eventName":"n8n.audit.workflow.activated","message":"n8n.audit.workflow.activated","payload":{"workflowId":"a28deafc69eb4e28","workflowName":"[BAB] Customer Intake","activeVersionId":"b41f289f-0cf4-437d-b831-96ad08edf9b4","activationMode":"init"}}
{"__type":"$$EventMessageConfirm","confirm":"4e4123f7-1367-4480-bad0-5506cacb097d","ts":"2026-07-10T21:21:29.314-04:00","source":{"id":"0","name":"eventBus"}}
{"__type":"$$EventMessageAudit","id":"8570b294-8736-4444-b67c-dc2d278978cb","ts":"2026-07-10T21:21:29.436-04:00","eventName":"n8n.audit.workflow.activated","message":"n8n.audit.workflow.activated","payload":{"workflowId":"68e464cf32014e42","workflowName":"[BAB] Document Drafting","activeVersionId":"841d263f-af96-454a-9c91-342d5a9545e9","activationMode":"init"}}
{"__type":"$$EventMessageConfirm","confirm":"8570b294-8736-4444-b67c-dc2d278978cb","ts":"2026-07-10T21:21:29.436-04:00","source":{"id":"0","name":"eventBus"}}
{"__type":"$$EventMessageAudit","id":"aab65135-21ed-4554-9ad8-b0a1e1ca7521","ts":"2026-07-10T21:21:29.472-04:00","eventName":"n8n.audit.workflow.activated","message":"n8n.audit.workflow.activated","payload":{"workflowId":"41798124b7674681","workflowName":"[BAB] Expense Tracker","activeVersionId":"ee1ce65b-54da-459c-a92c-9a4e7050d3ac","activationMode":"init"}}
{"__type":"$$EventMessageConfirm","confirm":"aab65135-21ed-4554-9ad8-b0a1e1ca7521","ts":"2026-07-10T21:21:29.473-04:00","source":{"id":"0","name":"eventBus"}}
{"__type":"$$EventMessageAudit","id":"77082c92-d1e1-4de6-9e8e-2da5955a5486","ts":"2026-07-10T21:21:29.515-04:00","eventName":"n8n.audit.workflow.activated","message":"n8n.audit.workflow.activated","payload":{"workflowId":"adc46fc6274a4630","workflowName":"[BAB] Invoice Generator","activeVersionId":"60bf27d3-05aa-4b84-884e-1fb3885ecdad","activationMode":"init"}}
{"__type":"$$EventMessageConfirm","confirm":"77082c92-d1e1-4de6-9e8e-2da5955a5486","ts":"2026-07-10T21:21:29.515-04:00","source":{"id":"0","name":"eventBus"}}
{"__type":"$$EventMessageAudit","id":"4bae5e47-30ba-4f0a-aee6-71c5a4c28cb3","ts":"2026-07-10T21:21:29.583-04:00","eventName":"n8n.audit.workflow.activated","message":"n8n.audit.workflow.activated","payload":{"workflowId":"bdb6049f4f4b436e","workflowName":"[BAB] Lead Follow-Up","activeVersionId":"dc821e7c-7457-4a2c-bec5-5eaa420be59f","activationMode":"init"}}
{"__type":"$$EventMessageConfirm","confirm":"4bae5e47-30ba-4f0a-aee6-71c5a4c28cb3","ts":"2026-07-10T21:21:29.583-04:00","source":{"id":"0","name":"eventBus"}}
{"__type":"$$EventMessageAudit","id":"62f4788c-25f7-4e5b-a158-c451a790abf6","ts":"2026-07-10T21:21:29.629-04:00","eventName":"n8n.audit.workflow.activated","message":"n8n.audit.workflow.activated","payload":{"workflowId":"526a182aeeff423e","workflowName":"[BAB] Report Generator","activeVersionId":"4472c424-8928-4798-9d97-d7d06a999d3f","activationMode":"init"}}
{"__type":"$$EventMessageConfirm","confirm":"62f4788c-25f7-4e5b-a158-c451a790abf6","ts":"2026-07-10T21:21:29.629-04:00","source":{"id":"0","name":"eventBus"}}
{"__type":"$$EventMessageAudit","id":"4c00e8a9-e450-419c-b10c-2093071257d9","ts":"2026-07-10T21:21:29.662-04:00","eventName":"n8n.audit.workflow.activated","message":"n8n.audit.workflow.activated","payload":{"workflowId":"5451fedc6ea14eb0","workflowName":"[BAB] Review Requester","activeVersionId":"e2172bb1-ef0e-49c0-87f5-74c5615849b0","activationMode":"init"}}
{"__type":"$$EventMessageConfirm","confirm":"4c00e8a9-e450-419c-b10c-2093071257d9","ts":"2026-07-10T21:21:29.662-04:00","source":{"id":"0","name":"eventBus"}}
{"__type":"$$EventMessageAudit","id":"0fc24274-e6cf-4d57-a0bc-c79839dd53cd","ts":"2026-07-10T21:21:29.687-04:00","eventName":"n8n.audit.workflow.activated","message":"n8n.audit.workflow.activated","payload":{"workflowId":"327d43cea3584cca","workflowName":"[BAB] Social Post Scheduler","activeVersionId":"31a3d8bb-651c-4d83-be13-20a4a5cd9f5c","activationMode":"init"}}
{"__type":"$$EventMessageConfirm","confirm":"0fc24274-e6cf-4d57-a0bc-c79839dd53cd","ts":"2026-07-10T21:21:29.687-04:00","source":{"id":"0","name":"eventBus"}}
{"__type":"$$EventMessageAudit","id":"6ea118fc-6e62-4ed7-be7a-9806777e7bfe","ts":"2026-07-10T21:21:29.722-04:00","eventName":"n8n.audit.workflow.activated","message":"n8n.audit.workflow.activated","payload":{"workflowId":"31c28f3828c14a32","workflowName":"[BAB] Voicemail Transcription","activeVersionId":"3fb886b2-021e-40d9-bffb-4fbb759c7c61","activationMode":"init"}}
{"__type":"$$EventMessageConfirm","confirm":"6ea118fc-6e62-4ed7-be7a-9806777e7bfe","ts":"2026-07-10T21:21:29.722-04:00","source":{"id":"0","name":"eventBus"}}
{"__type":"$$EventMessageAudit","id":"ed2190d1-6cf5-42eb-ab44-b2c8dbe50ef6","ts":"2026-07-10T21:21:29.759-04:00","eventName":"n8n.audit.workflow.activated","message":"n8n.audit.workflow.activated","payload":{"workflowId":"d1aa09dc031a4414","workflowName":"[BAB] Approval Router","activeVersionId":"d70c55ef-d922-4146-b0ee-5c3d83c0bdda","activationMode":"init"}}
{"__type":"$$EventMessageConfirm","confirm":"ed2190d1-6cf5-42eb-ab44-b2c8dbe50ef6","ts":"2026-07-10T21:21:29.760-04:00","source":{"id":"0","name":"eventBus"}}
{"__type":"$$EventMessageAudit","id":"fb285ea8-ea0d-48a6-8f1c-8341f1e723ec","ts":"2026-07-10T21:21:29.803-04:00","eventName":"n8n.audit.workflow.activated","message":"n8n.audit.workflow.activated","payload":{"workflowId":"a1b2c3d4e5f60001","workflowName":"[BAB] Ask Assistant","activeVersionId":"6f6b136e-c08e-47d0-a98f-a1ca56a394f9","activationMode":"init"}}
{"__type":"$$EventMessageConfirm","confirm":"fb285ea8-ea0d-48a6-8f1c-8341f1e723ec","ts":"2026-07-10T21:21:29.803-04:00","source":{"id":"0","name":"eventBus"}}
{"__type":"$$EventMessageAudit","id":"ac739b3c-5c67-4c9d-84a1-86333dfe3939","ts":"2026-07-10T21:21:29.832-04:00","eventName":"n8n.audit.workflow.activated","message":"n8n.audit.workflow.activated","payload":{"workflowId":"927a8799551149d2","workflowName":"[BAB] Calendar Review","activeVersionId":"3e342bae-036d-496b-9236-b834590cbc94","activationMode":"init"}}
{"__type":"$$EventMessageConfirm","confirm":"ac739b3c-5c67-4c9d-84a1-86333dfe3939","ts":"2026-07-10T21:21:29.832-04:00","source":{"id":"0","name":"eventBus"}}
{"__type":"$$EventMessageAudit","id":"f42394e3-47ce-489b-89c4-f2e08dd5f0ae","ts":"2026-07-10T21:21:29.868-04:00","eventName":"n8n.audit.workflow.activated","message":"n8n.audit.workflow.activated","payload":{"workflowId":"0dd54450c0be4eab","workflowName":"[BAB] Daily Briefing","activeVersionId":"9f6ff3b7-b89e-46c4-b788-9c40a1b7f792","activationMode":"init"}}
{"__type":"$$EventMessageConfirm","confirm":"f42394e3-47ce-489b-89c4-f2e08dd5f0ae","ts":"2026-07-10T21:21:29.868-04:00","source":{"id":"0","name":"eventBus"}}
{"__type":"$$EventMessageAudit","id":"7f2d3b4b-cb3e-4dc1-919e-67fb6fa1c05c","ts":"2026-07-10T21:21:29.888-04:00","eventName":"n8n.audit.workflow.activated","message":"n8n.audit.workflow.activated","payload":{"workflowId":"52ca26fdf4e248bd","workflowName":"[BAB] Email Triage","activeVersionId":"81fd9d22-3872-4af3-a036-dddf99ff4832","activationMode":"init"}}
{"__type":"$$EventMessageConfirm","confirm":"7f2d3b4b-cb3e-4dc1-919e-67fb6fa1c05c","ts":"2026-07-10T21:21:29.888-04:00","source":{"id":"0","name":"eventBus"}}
{"__type":"$$EventMessageAudit","id":"c4aade7b-4002-4872-9bb9-7dcada3abb46","ts":"2026-07-10T21:21:29.929-04:00","eventName":"n8n.audit.workflow.activated","message":"n8n.audit.workflow.activated","payload":{"workflowId":"b10667b7ca634bf4","workflowName":"[BAB] RAG Query","activeVersionId":"9db6b0d6-7251-4e5f-a6b0-62ec0aa902c1","activationMode":"init"}}
{"__type":"$$EventMessageConfirm","confirm":"c4aade7b-4002-4872-9bb9-7dcada3abb46","ts":"2026-07-10T21:21:29.929-04:00","source":{"id":"0","name":"eventBus"}}
{"__type":"$$EventMessageAudit","id":"2a7cba98-5b73-4527-b875-7bbac9afb165","ts":"2026-07-10T21:22:05.674-04:00","eventName":"n8n.audit.user.login.success","message":"n8n.audit.user.login.success","payload":{"userId":"60f2d759-2c62-4001-80d7-b23516d7d7a2","_email":"lalohambrickday@gmail.com","_firstName":"Lalo","_lastName":"Hambrick-day","globalRole":"global:owner","authenticationMethod":"email"}}
{"__type":"$$EventMessageConfirm","confirm":"2a7cba98-5b73-4527-b875-7bbac9afb165","ts":"2026-07-10T21:22:05.675-04:00","source":{"id":"0","name":"eventBus"}}
{"__type":"$$EventMessageAudit","id":"a717a228-d5ed-4fbd-a177-521ecd385dc1","ts":"2026-07-10T21:22:46.577-04:00","eventName":"n8n.audit.user.api.created","message":"n8n.audit.user.api.created","payload":{"userId":"60f2d759-2c62-4001-80d7-b23516d7d7a2","_email":"lalohambrickday@gmail.com","_firstName":"Lalo","_lastName":"Hambrick-day","globalRole":"global:owner"}}
{"__type":"$$EventMessageConfirm","confirm":"a717a228-d5ed-4fbd-a177-521ecd385dc1","ts":"2026-07-10T21:22:46.577-04:00","source":{"id":"0","name":"eventBus"}}
{"__type":"$$EventMessageAudit","id":"a0712e4b-c325-40a7-a784-4ca29ec9436c","ts":"2026-07-10T21:24:37.656-04:00","eventName":"n8n.audit.user.credentials.created","message":"n8n.audit.user.credentials.created","payload":{"userId":"60f2d759-2c62-4001-80d7-b23516d7d7a2","_email":"lalohambrickday@gmail.com","_firstName":"Lalo","_lastName":"Hambrick-day","globalRole":"global:owner","credentialType":"postgres","credentialId":"zinCe4CVV4FGd5AE","publicApi":false,"projectId":"gLxfjTpXAfMlXtOZ","projectType":"personal","isDynamic":false,"usesExternalSecrets":false,"jweEnabled":false}}
{"__type":"$$EventMessageConfirm","confirm":"a0712e4b-c325-40a7-a784-4ca29ec9436c","ts":"2026-07-10T21:24:37.657-04:00","source":{"id":"0","name":"eventBus"}}
{"__type":"$$EventMessageWorkflow","id":"28345e2d-7e94-495f-b5fe-3e4d27d65260","ts":"2026-07-10T21:25:00.229-04:00","eventName":"n8n.workflow.started","message":"n8n.workflow.started","payload":{"executionId":"245","workflowId":"52ca26fdf4e248bd","isManual":false,"mode":"trigger","workflowName":"[BAB] Email Triage"}}
{"__type":"$$EventMessageConfirm","confirm":"28345e2d-7e94-495f-b5fe-3e4d27d65260","ts":"2026-07-10T21:25:00.230-04:00","source":{"id":"0","name":"eventBus"}}
{"__type":"$$EventMessageAudit","id":"a13b2190-a8f7-4304-b270-b3bcc69b081b","ts":"2026-07-10T21:25:00.231-04:00","eventName":"n8n.audit.workflow.executed","message":"n8n.audit.workflow.executed","payload":{"workflowId":"52ca26fdf4e248bd","workflowName":"[BAB] Email Triage","executionId":"245","source":"trigger"}}
{"__type":"$$EventMessageConfirm","confirm":"a13b2190-a8f7-4304-b270-b3bcc69b081b","ts":"2026-07-10T21:25:00.231-04:00","source":{"id":"0","name":"eventBus"}}
{"__type":"$$EventMessageNode","id":"21ae9045-7326-4689-8959-dc347d0b6a0c","ts":"2026-07-10T21:25:00.233-04:00","eventName":"n8n.node.started","message":"n8n.node.started","payload":{"workflowId":"52ca26fdf4e248bd","workflowName":"[BAB] Email Triage","executionId":"245","nodeType":"n8n-nodes-base.scheduleTrigger","nodeName":"Every 5 Minutes","nodeId":"trigger-1"}}
{"__type":"$$EventMessageConfirm","confirm":"21ae9045-7326-4689-8959-dc347d0b6a0c","ts":"2026-07-10T21:25:00.233-04:00","source":{"id":"0","name":"eventBus"}}
{"__type":"$$EventMessageNode","id":"3ed76513-8166-44e6-8689-212769a1847c","ts":"2026-07-10T21:25:00.237-04:00","eventName":"n8n.node.finished","message":"n8n.node.finished","payload":{"workflowId":"52ca26fdf4e248bd","workflowName":"[BAB] Email Triage","executionId":"245","nodeType":"n8n-nodes-base.scheduleTrigger","nodeName":"Every 5 Minutes","nodeId":"trigger-1"}}
{"__type":"$$EventMessageConfirm","confirm":"3ed76513-8166-44e6-8689-212769a1847c","ts":"2026-07-10T21:25:00.237-04:00","source":{"id":"0","name":"eventBus"}}
{"__type":"$$EventMessageNode","id":"5795a1f1-51b2-4a87-9263-39940769d8c2","ts":"2026-07-10T21:25:00.238-04:00","eventName":"n8n.node.started","message":"n8n.node.started","payload":{"workflowId":"52ca26fdf4e248bd","workflowName":"[BAB] Email Triage","executionId":"245","nodeType":"n8n-nodes-base.httpRequest","nodeName":"Fetch Unread Emails","nodeId":"gmail-fetch"}}
{"__type":"$$EventMessageConfirm","confirm":"5795a1f1-51b2-4a87-9263-39940769d8c2","ts":"2026-07-10T21:25:00.239-04:00","source":{"id":"0","name":"eventBus"}}
{"__type":"$$EventMessageNode","id":"c232cb96-18d2-4318-b8a6-f92582b09f96","ts":"2026-07-10T21:25:00.302-04:00","eventName":"n8n.node.finished","message":"n8n.node.finished","payload":{"workflowId":"52ca26fdf4e248bd","workflowName":"[BAB] Email Triage","executionId":"245","nodeType":"n8n-nodes-base.httpRequest","nodeName":"Fetch Unread Emails","nodeId":"gmail-fetch"}}
{"__type":"$$EventMessageConfirm","confirm":"c232cb96-18d2-4318-b8a6-f92582b09f96","ts":"2026-07-10T21:25:00.303-04:00","source":{"id":"0","name":"eventBus"}}
{"__type":"$$EventMessageWorkflow","id":"060e7c03-f289-4938-80e6-23bcfac82336","ts":"2026-07-10T21:25:00.306-04:00","eventName":"n8n.workflow.failed","message":"n8n.workflow.failed","payload":{"executionId":"245","success":false,"isManual":false,"mode":"trigger","workflowId":"52ca26fdf4e248bd","workflowName":"[BAB] Email Triage","lastNodeExecuted":"Fetch Unread Emails","errorMessage":"Cannot read properties of undefined (reading 'status')"}}
{"__type":"$$EventMessageConfirm","confirm":"060e7c03-f289-4938-80e6-23bcfac82336","ts":"2026-07-10T21:25:00.306-04:00","source":{"id":"0","name":"eventBus"}}
{"__type":"$$EventMessageWorkflow","id":"614088fb-8446-4497-85c0-55825d1d0efc","ts":"2026-07-10T21:30:00.113-04:00","eventName":"n8n.workflow.started","message":"n8n.workflow.started","payload":{"executionId":"246","workflowId":"52ca26fdf4e248bd","isManual":false,"mode":"trigger","workflowName":"[BAB] Email Triage"}}
{"__type":"$$EventMessageConfirm","confirm":"614088fb-8446-4497-85c0-55825d1d0efc","ts":"2026-07-10T21:30:00.114-04:00","source":{"id":"0","name":"eventBus"}}
{"__type":"$$EventMessageAudit","id":"f3b3a62f-97fb-4547-9e33-2369c08ce6bd","ts":"2026-07-10T21:30:00.114-04:00","eventName":"n8n.audit.workflow.executed","message":"n8n.audit.workflow.executed","payload":{"workflowId":"52ca26fdf4e248bd","workflowName":"[BAB] Email Triage","executionId":"246","source":"trigger"}}
{"__type":"$$EventMessageConfirm","confirm":"f3b3a62f-97fb-4547-9e33-2369c08ce6bd","ts":"2026-07-10T21:30:00.114-04:00","source":{"id":"0","name":"eventBus"}}
{"__type":"$$EventMessageNode","id":"aef6132e-5f25-4424-999f-e4006ed91bcf","ts":"2026-07-10T21:30:00.115-04:00","eventName":"n8n.node.started","message":"n8n.node.started","payload":{"workflowId":"52ca26fdf4e248bd","workflowName":"[BAB] Email Triage","executionId":"246","nodeType":"n8n-nodes-base.scheduleTrigger","nodeName":"Every 5 Minutes","nodeId":"trigger-1"}}
{"__type":"$$EventMessageConfirm","confirm":"aef6132e-5f25-4424-999f-e4006ed91bcf","ts":"2026-07-10T21:30:00.115-04:00","source":{"id":"0","name":"eventBus"}}
{"__type":"$$EventMessageNode","id":"e3eb21cc-1433-4194-965d-f75598b3d2d0","ts":"2026-07-10T21:30:00.116-04:00","eventName":"n8n.node.finished","message":"n8n.node.finished","payload":{"workflowId":"52ca26fdf4e248bd","workflowName":"[BAB] Email Triage","executionId":"246","nodeType":"n8n-nodes-base.scheduleTrigger","nodeName":"Every 5 Minutes","nodeId":"trigger-1"}}
{"__type":"$$EventMessageConfirm","confirm":"e3eb21cc-1433-4194-965d-f75598b3d2d0","ts":"2026-07-10T21:30:00.116-04:00","source":{"id":"0","name":"eventBus"}}
{"__type":"$$EventMessageNode","id":"716d3886-f992-4ac3-bb56-e1db81b55341","ts":"2026-07-10T21:30:00.117-04:00","eventName":"n8n.node.started","message":"n8n.node.started","payload":{"workflowId":"52ca26fdf4e248bd","workflowName":"[BAB] Email Triage","executionId":"246","nodeType":"n8n-nodes-base.httpRequest","nodeName":"Fetch Unread Emails","nodeId":"gmail-fetch"}}
{"__type":"$$EventMessageConfirm","confirm":"716d3886-f992-4ac3-bb56-e1db81b55341","ts":"2026-07-10T21:30:00.117-04:00","source":{"id":"0","name":"eventBus"}}
{"__type":"$$EventMessageNode","id":"ec487964-e85a-4d23-935a-6992f988f242","ts":"2026-07-10T21:30:00.125-04:00","eventName":"n8n.node.finished","message":"n8n.node.finished","payload":{"workflowId":"52ca26fdf4e248bd","workflowName":"[BAB] Email Triage","executionId":"246","nodeType":"n8n-nodes-base.httpRequest","nodeName":"Fetch Unread Emails","nodeId":"gmail-fetch"}}
{"__type":"$$EventMessageConfirm","confirm":"ec487964-e85a-4d23-935a-6992f988f242","ts":"2026-07-10T21:30:00.125-04:00","source":{"id":"0","name":"eventBus"}}
{"__type":"$$EventMessageWorkflow","id":"17201825-b694-4c1e-96cb-97b9ce6d7eec","ts":"2026-07-10T21:30:00.126-04:00","eventName":"n8n.workflow.failed","message":"n8n.workflow.failed","payload":{"executionId":"246","success":false,"isManual":false,"mode":"trigger","workflowId":"52ca26fdf4e248bd","workflowName":"[BAB] Email Triage","lastNodeExecuted":"Fetch Unread Emails","errorMessage":"Cannot read properties of undefined (reading 'status')"}}
{"__type":"$$EventMessageConfirm","confirm":"17201825-b694-4c1e-96cb-97b9ce6d7eec","ts":"2026-07-10T21:30:00.126-04:00","source":{"id":"0","name":"eventBus"}}
{"__type":"$$EventMessageWorkflow","id":"ffceac7b-5446-4afb-bcb5-cbc1b38a2bc1","ts":"2026-07-10T21:35:00.099-04:00","eventName":"n8n.workflow.started","message":"n8n.workflow.started","payload":{"executionId":"247","workflowId":"52ca26fdf4e248bd","isManual":false,"mode":"trigger","workflowName":"[BAB] Email Triage"}}
{"__type":"$$EventMessageConfirm","confirm":"ffceac7b-5446-4afb-bcb5-cbc1b38a2bc1","ts":"2026-07-10T21:35:00.100-04:00","source":{"id":"0","name":"eventBus"}}
{"__type":"$$EventMessageAudit","id":"86db8fc9-d228-4b58-b712-64916767ee03","ts":"2026-07-10T21:35:00.100-04:00","eventName":"n8n.audit.workflow.executed","message":"n8n.audit.workflow.executed","payload":{"workflowId":"52ca26fdf4e248bd","workflowName":"[BAB] Email Triage","executionId":"247","source":"trigger"}}
{"__type":"$$EventMessageConfirm","confirm":"86db8fc9-d228-4b58-b712-64916767ee03","ts":"2026-07-10T21:35:00.100-04:00","source":{"id":"0","name":"eventBus"}}
{"__type":"$$EventMessageNode","id":"de0903c6-512b-42ac-a472-dc27898fb7c5","ts":"2026-07-10T21:35:00.101-04:00","eventName":"n8n.node.started","message":"n8n.node.started","payload":{"workflowId":"52ca26fdf4e248bd","workflowName":"[BAB] Email Triage","executionId":"247","nodeType":"n8n-nodes-base.scheduleTrigger","nodeName":"Every 5 Minutes","nodeId":"trigger-1"}}
{"__type":"$$EventMessageConfirm","confirm":"de0903c6-512b-42ac-a472-dc27898fb7c5","ts":"2026-07-10T21:35:00.101-04:00","source":{"id":"0","name":"eventBus"}}
{"__type":"$$EventMessageNode","id":"7ccddb85-4488-45a6-8eea-86f0e862c8c1","ts":"2026-07-10T21:35:00.101-04:00","eventName":"n8n.node.finished","message":"n8n.node.finished","payload":{"workflowId":"52ca26fdf4e248bd","workflowName":"[BAB] Email Triage","executionId":"247","nodeType":"n8n-nodes-base.scheduleTrigger","nodeName":"Every 5 Minutes","nodeId":"trigger-1"}}
{"__type":"$$EventMessageConfirm","confirm":"7ccddb85-4488-45a6-8eea-86f0e862c8c1","ts":"2026-07-10T21:35:00.101-04:00","source":{"id":"0","name":"eventBus"}}
{"__type":"$$EventMessageNode","id":"bf7e025f-a48f-4d02-a557-d210c4d42601","ts":"2026-07-10T21:35:00.102-04:00","eventName":"n8n.node.started","message":"n8n.node.started","payload":{"workflowId":"52ca26fdf4e248bd","workflowName":"[BAB] Email Triage","executionId":"247","nodeType":"n8n-nodes-base.httpRequest","nodeName":"Fetch Unread Emails","nodeId":"gmail-fetch"}}
{"__type":"$$EventMessageConfirm","confirm":"bf7e025f-a48f-4d02-a557-d210c4d42601","ts":"2026-07-10T21:35:00.102-04:00","source":{"id":"0","name":"eventBus"}}
{"__type":"$$EventMessageNode","id":"56b61b97-b7a0-4f6f-9da1-3cce2b3354e1","ts":"2026-07-10T21:35:00.108-04:00","eventName":"n8n.node.finished","message":"n8n.node.finished","payload":{"workflowId":"52ca26fdf4e248bd","workflowName":"[BAB] Email Triage","executionId":"247","nodeType":"n8n-nodes-base.httpRequest","nodeName":"Fetch Unread Emails","nodeId":"gmail-fetch"}}
{"__type":"$$EventMessageConfirm","confirm":"56b61b97-b7a0-4f6f-9da1-3cce2b3354e1","ts":"2026-07-10T21:35:00.108-04:00","source":{"id":"0","name":"eventBus"}}
{"__type":"$$EventMessageWorkflow","id":"a362bb24-0e09-4df4-b9e6-62f7229563b0","ts":"2026-07-10T21:35:00.109-04:00","eventName":"n8n.workflow.failed","message":"n8n.workflow.failed","payload":{"executionId":"247","success":false,"isManual":false,"mode":"trigger","workflowId":"52ca26fdf4e248bd","workflowName":"[BAB] Email Triage","lastNodeExecuted":"Fetch Unread Emails","errorMessage":"Cannot read properties of undefined (reading 'status')"}}
{"__type":"$$EventMessageConfirm","confirm":"a362bb24-0e09-4df4-b9e6-62f7229563b0","ts":"2026-07-10T21:35:00.109-04:00","source":{"id":"0","name":"eventBus"}}
{"__type":"$$EventMessageWorkflow","id":"6f0a1f54-d23d-4868-b40c-33abc11164fc","ts":"2026-07-10T21:40:00.100-04:00","eventName":"n8n.workflow.started","message":"n8n.workflow.started","payload":{"executionId":"248","workflowId":"52ca26fdf4e248bd","isManual":false,"mode":"trigger","workflowName":"[BAB] Email Triage"}}
{"__type":"$$EventMessageConfirm","confirm":"6f0a1f54-d23d-4868-b40c-33abc11164fc","ts":"2026-07-10T21:40:00.100-04:00","source":{"id":"0","name":"eventBus"}}
{"__type":"$$EventMessageAudit","id":"f12d6445-d668-492a-9c4d-5a986867bef7","ts":"2026-07-10T21:40:00.101-04:00","eventName":"n8n.audit.workflow.executed","message":"n8n.audit.workflow.executed","payload":{"workflowId":"52ca26fdf4e248bd","workflowName":"[BAB] Email Triage","executionId":"248","source":"trigger"}}
{"__type":"$$EventMessageConfirm","confirm":"f12d6445-d668-492a-9c4d-5a986867bef7","ts":"2026-07-10T21:40:00.101-04:00","source":{"id":"0","name":"eventBus"}}
{"__type":"$$EventMessageNode","id":"a0bfbb94-4eab-42ea-9860-a6cecb7f8cf1","ts":"2026-07-10T21:40:00.101-04:00","eventName":"n8n.node.started","message":"n8n.node.started","payload":{"workflowId":"52ca26fdf4e248bd","workflowName":"[BAB] Email Triage","executionId":"248","nodeType":"n8n-nodes-base.scheduleTrigger","nodeName":"Every 5 Minutes","nodeId":"trigger-1"}}
{"__type":"$$EventMessageConfirm","confirm":"a0bfbb94-4eab-42ea-9860-a6cecb7f8cf1","ts":"2026-07-10T21:40:00.101-04:00","source":{"id":"0","name":"eventBus"}}
{"__type":"$$EventMessageNode","id":"e1e6ed4a-11c9-4bc5-9ad6-9317e26d6989","ts":"2026-07-10T21:40:00.102-04:00","eventName":"n8n.node.finished","message":"n8n.node.finished","payload":{"workflowId":"52ca26fdf4e248bd","workflowName":"[BAB] Email Triage","executionId":"248","nodeType":"n8n-nodes-base.scheduleTrigger","nodeName":"Every 5 Minutes","nodeId":"trigger-1"}}
{"__type":"$$EventMessageConfirm","confirm":"e1e6ed4a-11c9-4bc5-9ad6-9317e26d6989","ts":"2026-07-10T21:40:00.102-04:00","source":{"id":"0","name":"eventBus"}}
{"__type":"$$EventMessageNode","id":"f40257bd-0a02-4ca5-9043-edcebbeff3ec","ts":"2026-07-10T21:40:00.103-04:00","eventName":"n8n.node.started","message":"n8n.node.started","payload":{"workflowId":"52ca26fdf4e248bd","workflowName":"[BAB] Email Triage","executionId":"248","nodeType":"n8n-nodes-base.httpRequest","nodeName":"Fetch Unread Emails","nodeId":"gmail-fetch"}}
{"__type":"$$EventMessageConfirm","confirm":"f40257bd-0a02-4ca5-9043-edcebbeff3ec","ts":"2026-07-10T21:40:00.103-04:00","source":{"id":"0","name":"eventBus"}}
{"__type":"$$EventMessageNode","id":"cb753b1b-ca06-489f-987b-e4740b232b04","ts":"2026-07-10T21:40:00.111-04:00","eventName":"n8n.node.finished","message":"n8n.node.finished","payload":{"workflowId":"52ca26fdf4e248bd","workflowName":"[BAB] Email Triage","executionId":"248","nodeType":"n8n-nodes-base.httpRequest","nodeName":"Fetch Unread Emails","nodeId":"gmail-fetch"}}
{"__type":"$$EventMessageConfirm","confirm":"cb753b1b-ca06-489f-987b-e4740b232b04","ts":"2026-07-10T21:40:00.111-04:00","source":{"id":"0","name":"eventBus"}}
{"__type":"$$EventMessageWorkflow","id":"b094ce2b-249c-41b2-b5f0-5ebd47f1ebdb","ts":"2026-07-10T21:40:00.112-04:00","eventName":"n8n.workflow.failed","message":"n8n.workflow.failed","payload":{"executionId":"248","success":false,"isManual":false,"mode":"trigger","workflowId":"52ca26fdf4e248bd","workflowName":"[BAB] Email Triage","lastNodeExecuted":"Fetch Unread Emails","errorMessage":"Cannot read properties of undefined (reading 'status')"}}
{"__type":"$$EventMessageConfirm","confirm":"b094ce2b-249c-41b2-b5f0-5ebd47f1ebdb","ts":"2026-07-10T21:40:00.112-04:00","source":{"id":"0","name":"eventBus"}}
{"__type":"$$EventMessageWorkflow","id":"3d47b5cf-7945-432d-8d08-b04ff903e788","ts":"2026-07-10T21:45:00.109-04:00","eventName":"n8n.workflow.started","message":"n8n.workflow.started","payload":{"executionId":"249","workflowId":"52ca26fdf4e248bd","isManual":false,"mode":"trigger","workflowName":"[BAB] Email Triage"}}
{"__type":"$$EventMessageConfirm","confirm":"3d47b5cf-7945-432d-8d08-b04ff903e788","ts":"2026-07-10T21:45:00.109-04:00","source":{"id":"0","name":"eventBus"}}
{"__type":"$$EventMessageAudit","id":"5e690d5a-03e7-49d5-828d-29fc773b8b02","ts":"2026-07-10T21:45:00.109-04:00","eventName":"n8n.audit.workflow.executed","message":"n8n.audit.workflow.executed","payload":{"workflowId":"52ca26fdf4e248bd","workflowName":"[BAB] Email Triage","executionId":"249","source":"trigger"}}
{"__type":"$$EventMessageConfirm","confirm":"5e690d5a-03e7-49d5-828d-29fc773b8b02","ts":"2026-07-10T21:45:00.110-04:00","source":{"id":"0","name":"eventBus"}}
{"__type":"$$EventMessageNode","id":"6eba277d-5008-4b29-b3b5-c5f357098544","ts":"2026-07-10T21:45:00.110-04:00","eventName":"n8n.node.started","message":"n8n.node.started","payload":{"workflowId":"52ca26fdf4e248bd","workflowName":"[BAB] Email Triage","executionId":"249","nodeType":"n8n-nodes-base.scheduleTrigger","nodeName":"Every 5 Minutes","nodeId":"trigger-1"}}
{"__type":"$$EventMessageConfirm","confirm":"6eba277d-5008-4b29-b3b5-c5f357098544","ts":"2026-07-10T21:45:00.110-04:00","source":{"id":"0","name":"eventBus"}}
{"__type":"$$EventMessageNode","id":"515d2ce9-8b9d-48a1-8483-a3f5bc7dc0c0","ts":"2026-07-10T21:45:00.111-04:00","eventName":"n8n.node.finished","message":"n8n.node.finished","payload":{"workflowId":"52ca26fdf4e248bd","workflowName":"[BAB] Email Triage","executionId":"249","nodeType":"n8n-nodes-base.scheduleTrigger","nodeName":"Every 5 Minutes","nodeId":"trigger-1"}}
{"__type":"$$EventMessageConfirm","confirm":"515d2ce9-8b9d-48a1-8483-a3f5bc7dc0c0","ts":"2026-07-10T21:45:00.111-04:00","source":{"id":"0","name":"eventBus"}}
{"__type":"$$EventMessageNode","id":"78854b0c-6cd7-4064-97c2-0280256c1c5c","ts":"2026-07-10T21:45:00.112-04:00","eventName":"n8n.node.started","message":"n8n.node.started","payload":{"workflowId":"52ca26fdf4e248bd","workflowName":"[BAB] Email Triage","executionId":"249","nodeType":"n8n-nodes-base.httpRequest","nodeName":"Fetch Unread Emails","nodeId":"gmail-fetch"}}
{"__type":"$$EventMessageConfirm","confirm":"78854b0c-6cd7-4064-97c2-0280256c1c5c","ts":"2026-07-10T21:45:00.112-04:00","source":{"id":"0","name":"eventBus"}}
{"__type":"$$EventMessageNode","id":"0c7d999f-7e71-4cef-81a8-f91bcd4f4dad","ts":"2026-07-10T21:45:00.120-04:00","eventName":"n8n.node.finished","message":"n8n.node.finished","payload":{"workflowId":"52ca26fdf4e248bd","workflowName":"[BAB] Email Triage","executionId":"249","nodeType":"n8n-nodes-base.httpRequest","nodeName":"Fetch Unread Emails","nodeId":"gmail-fetch"}}
{"__type":"$$EventMessageConfirm","confirm":"0c7d999f-7e71-4cef-81a8-f91bcd4f4dad","ts":"2026-07-10T21:45:00.121-04:00","source":{"id":"0","name":"eventBus"}}
{"__type":"$$EventMessageWorkflow","id":"1e9dde90-a840-4f7a-9f0d-8ca14b13fdb2","ts":"2026-07-10T21:45:00.121-04:00","eventName":"n8n.workflow.failed","message":"n8n.workflow.failed","payload":{"executionId":"249","success":false,"isManual":false,"mode":"trigger","workflowId":"52ca26fdf4e248bd","workflowName":"[BAB] Email Triage","lastNodeExecuted":"Fetch Unread Emails","errorMessage":"Cannot read properties of undefined (reading 'status')"}}
{"__type":"$$EventMessageConfirm","confirm":"1e9dde90-a840-4f7a-9f0d-8ca14b13fdb2","ts":"2026-07-10T21:45:00.121-04:00","source":{"id":"0","name":"eventBus"}}
